<?xml version="1.0" encoding="UTF-8"?>
<!-- Generated by org.testng.reporters.JUnitXMLReporter -->
<testsuite hostname="PUN-RPATIDAR01" ignored="0" name="Test" tests="2" failures="1" timestamp="2020-04-18T22:33:48 IST" time="22.86" errors="0">
  <testcase name="practiceFormTest" time="0.742" classname="tests.AutomationPracticeTest"/>
  <testcase name="test" time="0.004" classname="tests.AutomationPracticeTest">
    <failure type="java.lang.AssertionError" message="expected [false] but found [true]">
      <![CDATA[java.lang.AssertionError: expected [false] but found [true]
at tests.AutomationPracticeTest.test(AutomationPracticeTest.java:22)
at java.util.ArrayList.forEach(Unknown Source)
at utility.TestRunner.test(TestRunner.java:28)
at java.util.ArrayList.forEach(Unknown Source)
... Removed 55 stack frames]]>
    </failure>
  </testcase> <!-- test -->
</testsuite> <!-- Test -->
